<?xml version="1.0" encoding="UTF-8"?>
<Site BuildName="Win32-mingw32-make"
	BuildStamp="20251017-1750-Experimental"
	Name="DESKTOP-3L4IMJO"
	Generator="ctest-4.1.2"
	CompilerName="C:/msys64/ucrt64/bin/g++.exe"
	CompilerVersion="14.2.0"
	OSName="Windows"
	Hostname="DESKTOP-3L4IMJO"
	OSRelease=" Personal"
	OSVersion=" (Build 26100)"
	OSPlatform="AMD64"
	Is64Bits="1"
	VendorString="AuthenticAMD"
	VendorID="Advanced Micro Devices"
	FamilyID="15"
	ModelID="4"
	ModelName="AMD Ryzen 5 9600X 6-Core Processor"
	ProcessorCacheSize="80"
	NumberOfLogicalCPU="12"
	NumberOfPhysicalCPU="6"
	TotalVirtualMemory="33944"
	TotalPhysicalMemory="31896"
	LogicalProcessorsPerPhysical="2"
	ProcessorClockFrequency="3900"
	>
	<Testing>
		<StartDateTime>Oct 17 19:51 Paris, Madrid (heure d[NON-UTF-8-BYTE-0x92][NON-UTF-8-BYTE-0xE9]t[NON-UTF-8-BYTE-0xE9])</StartDateTime>
		<StartTestTime>1760723486</StartTestTime>
		<TestList/>
		<EndDateTime>Oct 17 19:51 Paris, Madrid (heure d[NON-UTF-8-BYTE-0x92][NON-UTF-8-BYTE-0xE9]t[NON-UTF-8-BYTE-0xE9])</EndDateTime>
		<EndTestTime>1760723486</EndTestTime>
		<ElapsedMinutes>0</ElapsedMinutes>
	</Testing>
</Site>
